Amount: 0
To Addr: 2048
From Addr: 
Hash: 3af8dc3978fcb2edf8d2a5d0139c4514bc694f7359a8a0301541bfa131f9f299
Amount: 0
To Addr: 0
From Addr: 
Hash: 7f219dcaeb8f5898a5dc1387932e77b03bd7b48e280211650c1cea17a41f9a4b
Amount: 0
To Addr: 0
From Addr: 
Hash: 5594148db7cb6cc9034102c1c0997b5dbf8273eed2aee26cebe82834220b1f34
Amount: 1
To Addr: A7F469DEF6E3F49FF94E0DAC98CE5CCAD71E3A9168EF0BBA4110265C72459316
From Addr: A7F469DEF6E3F49FF94E0DAC98CE5CCAD71E3A9168EF0BBA4110265C72459316
Hash: c27337c018f7f95676f193b7fe766eb7819807ae8fba63125bc1e0f6baed84ce
Amount: 1
To Addr: 048C79AD93713E3759DCCFE3C05059FF8CCBF0445FB21D08DE9F255541C8F01B
From Addr: 048C79AD93713E3759DCCFE3C05059FF8CCBF0445FB21D08DE9F255541C8F01B
Hash: dc97cea4a7540187f87a096e625d15b2ac20ec05263a8d539bf8b57f3060a40c
Amount: 2
To Addr: 594E519AE499312B29433B7DD8A97FF068DEFCBA9755B6D5D00E84C524D67B06
From Addr: 594E519AE499312B29433B7DD8A97FF068DEFCBA9755B6D5D00E84C524D67B06
Hash: 1a5d98667c1f2f90c0a5d8c5f5dec198921dc42f0ea779b928002273cf99f201
